<?xml version="1.0" encoding="UTF-8"?>
<testsuite xmlns:xsi="http://www.w3.org/2001/XMLSchema-instance" xsi:noNamespaceSchemaLocation="https://maven.apache.org/surefire/maven-surefire-plugin/xsd/surefire-test-report.xsd" name="org.example.ReflectionTest" time="0.059" tests="5" errors="0" skipped="0" failures="0">
  <properties>
[...]
</properties>
  <testcase name="simpleInt" classname="org.example.ReflectionTest" time="0.006"/>
  <testcase name="baseTest" classname="org.example.ReflectionTest" time="0.001"/>
  <testcase name="arrayLast" classname="org.example.ReflectionTest" time="0.003"/>
  <testcase name="wrappedAndSimple" classname="org.example.ReflectionTest" time="0.002"/>
  <testcase name="collectionLast" classname="org.example.ReflectionTest" time="0.002"/>
</testsuite>