<?xml version="1.0" encoding="UTF-8"?>
<testsuite xmlns:xsi="http://www.w3.org/2001/XMLSchema-instance" xsi:noNamespaceSchemaLocation="https://maven.apache.org/surefire/maven-surefire-plugin/xsd/surefire-test-report.xsd" name="org.example.ReflectionTest" time="0.073" tests="7" errors="0" skipped="0" failures="0">
  <properties>
[...]
</properties>
  <testcase name="simpleInt" classname="org.example.ReflectionTest" time="0.007"/>
  <testcase name="keyIsClass" classname="org.example.ReflectionTest" time="0.004"/>
  <testcase name="baseTest" classname="org.example.ReflectionTest" time="0"/>
  <testcase name="arrayLast" classname="org.example.ReflectionTest" time="0.001"/>
  <testcase name="wrappedAndSimple" classname="org.example.ReflectionTest" time="0.002"/>
  <testcase name="collectionLast" classname="org.example.ReflectionTest" time="0.002"/>
  <testcase name="innerClass" classname="org.example.ReflectionTest" time="0.004"/>
</testsuite>